2025-11-09 14:04:45.732 [INF] SendScan data e39c1b72-b2bd-4894-9755-fd823032159f
2025-11-09 14:04:45.866 [INF] SendScan data f2ad03bf-2a35-4038-a6e0-d6d903424332
2025-11-09 14:04:45.931 [INF] SendScan data 0714658d-e4a7-4bb8-8211-097aaaf4b8c0
2025-11-09 14:04:45.989 [INF] SendScan data 3153164e-7550-45fa-b811-4de56f380435
2025-11-09 14:04:46.054 [INF] SendScan data b0bacda0-4a6f-4aa7-a216-18c7d75e3da9
2025-11-09 14:04:46.114 [INF] SendScan data 03c210aa-2395-4d59-b0d0-38e6716e39bf
2025-11-09 14:04:46.173 [INF] SendScan data 863d7db2-87e6-4b5e-aa8b-83c608e0fae8
2025-11-09 14:04:46.237 [INF] SendScan data 9a88d8bf-2bd8-4e6e-accf-2c519aeed597
2025-11-09 14:04:46.294 [INF] SendScan data 834462cf-38d9-4a6b-b125-c28437886b6a
2025-11-09 14:04:46.348 [INF] SendScan data 69d029bd-56d2-4efc-9c6f-0fd28038ae53
2025-11-09 14:08:12.248 [INF] SendScan data 4344adb4-b3ee-47de-99a7-078e652c1b1b
2025-11-09 14:08:24.630 [INF] SendScan data d13f35d9-9020-43a0-b608-09419bc6d933
2025-11-09 14:09:06.539 [INF] SendScan data 7b8ec6a6-cbb9-4383-a403-0cd4524e9a1a
2025-11-09 14:09:27.732 [INF] SendScan data 7ccce2b5-ce42-4d66-abf2-95f9950a3a0e
2025-11-09 14:10:20.570 [INF] SendScan data 1a4ab452-41ed-4d6a-b108-88e2e4cd61ce
2025-11-09 14:10:20.629 [INF] SendScan data 10e7e3ee-5e2d-4672-9fed-8b837588b4cd
2025-11-09 14:10:20.687 [INF] SendScan data 2d2812db-a0be-412c-ba66-8c7f8414812e
2025-11-09 14:10:20.748 [INF] SendScan data 7d540dbe-c251-4236-a821-9e326623a5c9
2025-11-09 14:10:20.799 [INF] SendScan data 491d221f-5915-4517-9fb3-2f3a119d33b2
2025-11-09 14:10:20.859 [INF] SendScan data 9614547d-4723-4086-b344-a15131ec6f51
2025-11-09 14:10:20.909 [INF] SendScan data 380a203e-ef37-4936-bd52-389f1b747c66
2025-11-09 14:10:20.970 [INF] SendScan data 9fb04d26-d14b-40cd-a88f-38b3c5a8a449
2025-11-09 14:10:21.030 [INF] SendScan data d7ae6622-b930-4e00-a4aa-7cf7deb78efa
2025-11-09 14:10:21.081 [INF] SendScan data 7462346f-b010-4739-8e6d-b7655418b5a1
2025-11-09 14:10:21.142 [INF] SendScan data b08d9347-936c-44fe-bf47-b4f8ee98ebde
2025-11-09 14:10:21.193 [INF] SendScan data 38e19a3c-74b9-49a1-a0a0-edc43a9316bc
2025-11-09 14:10:21.252 [INF] SendScan data 9077408f-23d5-4afa-b895-8fa145da3ce1
2025-11-09 14:10:21.302 [INF] SendScan data 431ff3a0-8306-478c-b5c7-f5731b9e1d22
2025-11-09 14:10:21.362 [INF] SendScan data 4c044fbf-6e10-481f-9a00-b383d4272add
2025-11-09 14:10:21.413 [INF] SendScan data d2ff6b0a-3c42-4bf5-bd95-732de5ae81a9
2025-11-09 14:10:21.474 [INF] SendScan data da6cc64b-c7c8-466c-9147-78f7bdb5cb8c
2025-11-09 14:10:21.535 [INF] SendScan data 685d28b2-3652-48e9-a279-86b8c7ff40f9
2025-11-09 14:10:21.595 [INF] SendScan data 284f984f-49e6-4e08-bae3-d68a9b82e37d
2025-11-09 14:10:21.646 [INF] SendScan data 436ed53a-219a-460d-a686-f0aa09684f65
2025-11-09 14:10:21.707 [INF] SendScan data 028994d2-15f3-42f4-8f22-8445153f264e
2025-11-09 14:10:21.767 [INF] SendScan data 7701639a-502f-47e0-84e4-6aeee38d6855
2025-11-09 14:10:21.816 [INF] SendScan data da758b61-9483-4d21-9880-34d421361a06
2025-11-09 14:10:21.879 [INF] SendScan data b4f9b1ba-8317-4fdd-b774-ac900676b660
2025-11-09 14:10:21.929 [INF] SendScan data 4861db05-46af-446a-8896-f83ff98d2a0f
2025-11-09 14:11:51.850 [INF] SendScan data 518f98dd-ff03-4fa2-bc20-c3419e2b6f29
2025-11-09 14:11:59.442 [INF] SendScan data 09310f64-bc87-41b4-8f94-3b010fb4c694
2025-11-09 14:11:59.810 [INF] SendScan data e3dda8d5-3d1f-42f4-9527-1229f83e2083
2025-11-09 14:11:59.861 [INF] SendScan data adcd4a87-31de-4c33-8e16-1336e43b0182
2025-11-09 14:11:59.920 [INF] SendScan data d4023db9-021d-4bb7-a6a6-88f720f49c8f
2025-11-09 14:11:59.982 [INF] SendScan data c55b0a05-f3e1-4630-82f9-eb2f7487b675
2025-11-09 14:12:00.052 [INF] SendScan data 9c3db9a4-3893-4e1a-aa41-2d8b416f1bb1
2025-11-09 14:12:00.103 [INF] SendScan data 67dd6bea-33ce-43c8-ad49-37900b8d27d7
2025-11-09 14:12:00.164 [INF] SendScan data aacc8020-74d7-4cb5-84e2-2242123f78fa
2025-11-09 14:12:00.233 [INF] SendScan data dfa0bd9b-9a13-4e95-b654-f570e82c7921
2025-11-09 14:12:00.286 [INF] SendScan data 61689a28-1b5e-4b23-a4ec-8373475f0648
2025-11-09 14:12:00.348 [INF] SendScan data 6ee9e9b8-6de7-4997-8bd0-81d27a79d97d
2025-11-09 14:12:00.418 [INF] SendScan data 730b997b-9426-4d2b-a9a4-db61b4eeb1ba
2025-11-09 14:12:00.473 [INF] SendScan data a787e535-e781-46b0-9192-8f91612a9d42
2025-11-09 14:12:00.530 [INF] SendScan data caf2d76a-a4d7-4f98-b8c3-97fecb48ce92
2025-11-09 14:12:00.595 [INF] SendScan data ee6a9ec9-11ed-4e84-b165-067aa1da001c
2025-11-09 14:12:00.676 [INF] SendScan data 2ed35066-bfc7-4261-91a8-a10fb4baffdd
2025-11-09 14:12:00.745 [INF] SendScan data 78e26eac-fb9c-4da5-8cfc-ae36406c8872
2025-11-09 14:12:00.795 [INF] SendScan data d9d68e15-4b3b-4400-ab5b-06ddd245f350
2025-11-09 14:12:00.857 [INF] SendScan data 8000ec07-99ef-4d83-ac17-3b7b4e2fc433
2025-11-09 14:12:00.917 [INF] SendScan data f97d76be-8329-4399-9df2-2602061efca9
2025-11-09 14:14:02.363 [INF] Fetching config for Device-001
2025-11-09 14:14:27.225 [INF] SendScan data 9eef601e-e0bc-43c8-b080-0775b0c70a3d
2025-11-09 14:14:27.645 [INF] SendScan data bf58f717-c942-48a4-87bc-2ca1fc4a4ad7
2025-11-09 14:14:27.716 [INF] SendScan data dd2f0f34-5292-405a-9756-09c4a1865708
2025-11-09 14:14:27.777 [INF] SendScan data bca94406-52eb-44d0-87b1-b24c89f9b2ed
2025-11-09 14:14:27.838 [INF] SendScan data af4ab8f3-d581-488a-b10a-8561e07a3180
2025-11-09 14:14:27.910 [INF] SendScan data 973d7fa4-cd7f-4967-ae43-1bb77740a689
2025-11-09 14:14:28.281 [INF] SendScan data 3f9252df-88a7-4df3-b1dd-f65eacf63a04
2025-11-09 14:14:28.342 [INF] SendScan data 1f51f05f-f6c9-4c4b-bf1e-e9305fa39410
2025-11-09 14:14:28.403 [INF] SendScan data d1f7169a-67b4-4fa0-b9e2-46917fd4a5f3
2025-11-09 14:14:28.476 [INF] SendScan data a3b56e05-b05c-4846-89e3-3e7ca104f714
2025-11-09 14:14:28.537 [INF] SendScan data ba986627-a4e8-4677-ad80-3e28c5fb2314
2025-11-09 14:14:28.602 [INF] SendScan data 7f57d1d7-fc65-4a01-8d14-89b438a31713
2025-11-09 14:14:28.674 [INF] SendScan data f78425a7-a2c7-44d2-8d96-dc747ad60dd8
2025-11-09 14:14:28.745 [INF] SendScan data b30686e2-c35c-4bb7-b386-6788f66e926f
2025-11-09 14:14:28.802 [INF] SendScan data dbecbe2d-f98f-46c6-887d-966d81d9bef6
2025-11-09 14:19:40.886 [INF] Fetching config for Device-001
2025-11-09 14:20:00.478 [INF] SendScan data b9729e92-ebe9-4228-a8db-8ada7b937fef
2025-11-09 14:20:00.881 [INF] SendScan data 4847e84b-c5f3-4956-8ed2-eca0d522da99
2025-11-09 14:20:00.948 [INF] SendScan data e67b49ad-d920-4c74-8ec2-b1df22b21516
2025-11-09 14:20:01.037 [INF] SendScan data de279c9d-3631-416c-b2c8-23fc10f7ff67
2025-11-09 14:20:01.097 [INF] SendScan data d9512f58-4c9b-4a75-b0da-ba785c2794aa
2025-11-09 14:20:01.159 [INF] SendScan data dd72d0df-20e3-4720-8161-6ba0385b65bd
2025-11-09 14:20:01.219 [INF] SendScan data 6bfb723a-a1ba-425f-a0d8-522cd780dd54
2025-11-09 14:20:01.291 [INF] SendScan data db9550a7-d835-47b4-8101-6b06e3722480
2025-11-09 14:20:01.351 [INF] SendScan data ff4c3de4-de97-4e73-a47c-4a72d1155a18
2025-11-09 14:20:01.413 [INF] SendScan data b75e349a-1e7c-4184-ac8d-17afb71f7b5e
2025-11-09 16:05:50.090 [INF] Fetching config for Device-001
2025-11-09 16:41:32.089 [INF] Received scan request | EventId=edf92ef8-2449-4c2a-bc7f-a728d6f3697b | DeviceId=Device-001 | Code=8901234567897 | Timestamp="2025-11-09T11:11:31.3134723+00:00"
2025-11-09 16:41:32.125 [INF] Processing new scan | EventId=edf92ef8-2449-4c2a-bc7f-a728d6f3697b | DeviceId=Device-001
2025-11-09 16:41:32.127 [INF] Scan processed successfully | EventId=edf92ef8-2449-4c2a-bc7f-a728d6f3697b | DeviceId=Device-001 | ProcessedAt="2025-11-09T11:11:32.0866055+00:00"
2025-11-09 16:41:32.241 [INF] Received scan request | EventId=5c8e4dee-c844-424a-af08-3a8988d9b6e2 | DeviceId=Device-001 | Code=1234567890123 | Timestamp="2025-11-09T11:11:31.4670211+00:00"
2025-11-09 16:41:32.244 [INF] Processing new scan | EventId=5c8e4dee-c844-424a-af08-3a8988d9b6e2 | DeviceId=Device-001
2025-11-09 16:41:32.245 [INF] Scan processed successfully | EventId=5c8e4dee-c844-424a-af08-3a8988d9b6e2 | DeviceId=Device-001 | ProcessedAt="2025-11-09T11:11:32.2416966+00:00"
2025-11-09 16:41:32.308 [INF] Received scan request | EventId=1e685cad-aaaf-43c0-82af-9d07681fcc50 | DeviceId=Device-001 | Code=7894561239876 | Timestamp="2025-11-09T11:11:31.5163850+00:00"
2025-11-09 16:41:32.310 [INF] Processing new scan | EventId=1e685cad-aaaf-43c0-82af-9d07681fcc50 | DeviceId=Device-001
2025-11-09 16:41:32.312 [INF] Scan processed successfully | EventId=1e685cad-aaaf-43c0-82af-9d07681fcc50 | DeviceId=Device-001 | ProcessedAt="2025-11-09T11:11:32.3082929+00:00"
2025-11-09 16:41:32.365 [INF] Received scan request | EventId=8f34af09-c4f8-4394-b7d6-290fcc89f4f3 | DeviceId=Device-001 | Code=ABC123XYZ | Timestamp="2025-11-09T11:11:31.5553600+00:00"
2025-11-09 16:41:32.368 [INF] Processing new scan | EventId=8f34af09-c4f8-4394-b7d6-290fcc89f4f3 | DeviceId=Device-001
2025-11-09 16:41:32.371 [INF] Scan processed successfully | EventId=8f34af09-c4f8-4394-b7d6-290fcc89f4f3 | DeviceId=Device-001 | ProcessedAt="2025-11-09T11:11:32.3651161+00:00"
2025-11-09 16:41:32.438 [INF] Received scan request | EventId=25c89072-a915-4287-89fd-7c749240aa51 | DeviceId=Device-001 | Code=QR99887766 | Timestamp="2025-11-09T11:11:31.6881504+00:00"
2025-11-09 16:41:32.441 [INF] Processing new scan | EventId=25c89072-a915-4287-89fd-7c749240aa51 | DeviceId=Device-001
2025-11-09 16:41:32.442 [INF] Scan processed successfully | EventId=25c89072-a915-4287-89fd-7c749240aa51 | DeviceId=Device-001 | ProcessedAt="2025-11-09T11:11:32.4387540+00:00"
2025-11-09 16:41:32.497 [INF] Received scan request | EventId=7bdb593f-a70d-4f8d-92b3-b4bf86e0bfa5 | DeviceId=Device-001 | Code=LAPTOP2025BARCODE | Timestamp="2025-11-09T11:11:31.7992303+00:00"
2025-11-09 16:41:32.500 [INF] Processing new scan | EventId=7bdb593f-a70d-4f8d-92b3-b4bf86e0bfa5 | DeviceId=Device-001
2025-11-09 16:41:32.502 [INF] Scan processed successfully | EventId=7bdb593f-a70d-4f8d-92b3-b4bf86e0bfa5 | DeviceId=Device-001 | ProcessedAt="2025-11-09T11:11:32.4976295+00:00"
2025-11-09 16:41:32.592 [INF] Received scan request | EventId=d22c3680-4a1a-4c54-96f4-2d54216c762a | DeviceId=Device-001 | Code=HP1234567 | Timestamp="2025-11-09T11:11:31.8376720+00:00"
2025-11-09 16:41:32.595 [INF] Processing new scan | EventId=d22c3680-4a1a-4c54-96f4-2d54216c762a | DeviceId=Device-001
2025-11-09 16:41:32.597 [INF] Scan processed successfully | EventId=d22c3680-4a1a-4c54-96f4-2d54216c762a | DeviceId=Device-001 | ProcessedAt="2025-11-09T11:11:32.5929311+00:00"
2025-11-09 16:41:32.664 [INF] Received scan request | EventId=62acd149-2c53-41b9-bcc8-f4281df5c452 | DeviceId=Device-001 | Code=ASUS-9988-4444 | Timestamp="2025-11-09T11:11:31.8655442+00:00"
2025-11-09 16:41:32.667 [INF] Processing new scan | EventId=62acd149-2c53-41b9-bcc8-f4281df5c452 | DeviceId=Device-001
2025-11-09 16:41:32.668 [INF] Scan processed successfully | EventId=62acd149-2c53-41b9-bcc8-f4281df5c452 | DeviceId=Device-001 | ProcessedAt="2025-11-09T11:11:32.6642230+00:00"
2025-11-09 16:41:32.736 [INF] Received scan request | EventId=500c8d3d-a1e2-45c0-a052-bbd9f14c32f2 | DeviceId=Device-001 | Code=6543219870123 | Timestamp="2025-11-09T11:11:31.9052136+00:00"
2025-11-09 16:41:32.738 [INF] Processing new scan | EventId=500c8d3d-a1e2-45c0-a052-bbd9f14c32f2 | DeviceId=Device-001
2025-11-09 16:41:32.740 [INF] Scan processed successfully | EventId=500c8d3d-a1e2-45c0-a052-bbd9f14c32f2 | DeviceId=Device-001 | ProcessedAt="2025-11-09T11:11:32.7364517+00:00"
2025-11-09 16:41:32.808 [INF] Received scan request | EventId=6c88b8a5-1de3-466d-b473-d5c21761cc90 | DeviceId=Device-001 | Code=SCN-2025-0001 | Timestamp="2025-11-09T11:11:31.9325486+00:00"
2025-11-09 16:41:32.811 [INF] Processing new scan | EventId=6c88b8a5-1de3-466d-b473-d5c21761cc90 | DeviceId=Device-001
2025-11-09 16:41:32.813 [INF] Scan processed successfully | EventId=6c88b8a5-1de3-466d-b473-d5c21761cc90 | DeviceId=Device-001 | ProcessedAt="2025-11-09T11:11:32.8080581+00:00"
2025-11-09 16:44:58.833 [INF] Fetching config for Device-001
2025-11-09 16:45:25.821 [INF] Received scan request | EventId=c1099747-4592-4f3f-8106-3ca56922c583
2025-11-09 16:45:25.823 [INF] Processing new scan | EventId=c1099747-4592-4f3f-8106-3ca56922c583 
2025-11-09 16:45:25.825 [INF] Scan processed successfully | EventId=c1099747-4592-4f3f-8106-3ca56922c583 
2025-11-09 16:45:26.396 [INF] Received scan request | EventId=9728a8b0-d662-409a-99e2-20cba2e006b7
2025-11-09 16:45:26.398 [INF] Processing new scan | EventId=9728a8b0-d662-409a-99e2-20cba2e006b7 
2025-11-09 16:45:26.399 [INF] Scan processed successfully | EventId=9728a8b0-d662-409a-99e2-20cba2e006b7 
2025-11-09 16:45:26.473 [INF] Received scan request | EventId=3f42c660-2c40-4177-b6ce-5dddc3d4e87e
2025-11-09 16:45:26.475 [INF] Processing new scan | EventId=3f42c660-2c40-4177-b6ce-5dddc3d4e87e 
2025-11-09 16:45:26.476 [INF] Scan processed successfully | EventId=3f42c660-2c40-4177-b6ce-5dddc3d4e87e 
2025-11-09 16:45:26.532 [INF] Received scan request | EventId=0167213a-484f-4abd-9c0f-7050e8d87fb9
2025-11-09 16:45:26.534 [INF] Processing new scan | EventId=0167213a-484f-4abd-9c0f-7050e8d87fb9 
2025-11-09 16:45:26.535 [INF] Scan processed successfully | EventId=0167213a-484f-4abd-9c0f-7050e8d87fb9 
2025-11-09 16:45:26.593 [INF] Received scan request | EventId=e3b2ec58-0db3-4134-9867-127ba8a5bd47
2025-11-09 16:45:26.594 [INF] Processing new scan | EventId=e3b2ec58-0db3-4134-9867-127ba8a5bd47 
2025-11-09 16:45:26.596 [INF] Scan processed successfully | EventId=e3b2ec58-0db3-4134-9867-127ba8a5bd47 
2025-11-09 16:45:26.655 [INF] Received scan request | EventId=2ceb09df-cc94-4b19-ac49-e61963c8547e
2025-11-09 16:45:26.656 [INF] Processing new scan | EventId=2ceb09df-cc94-4b19-ac49-e61963c8547e 
2025-11-09 16:45:26.658 [INF] Scan processed successfully | EventId=2ceb09df-cc94-4b19-ac49-e61963c8547e 
2025-11-09 16:45:26.716 [INF] Received scan request | EventId=216ed07f-b26a-4b4c-9e8a-ad90a61cf56e
2025-11-09 16:45:26.718 [INF] Processing new scan | EventId=216ed07f-b26a-4b4c-9e8a-ad90a61cf56e 
2025-11-09 16:45:26.720 [INF] Scan processed successfully | EventId=216ed07f-b26a-4b4c-9e8a-ad90a61cf56e 
2025-11-09 16:45:26.786 [INF] Received scan request | EventId=8ae9a8aa-eaa4-4eb8-b818-f38df337537c
2025-11-09 16:45:26.788 [INF] Processing new scan | EventId=8ae9a8aa-eaa4-4eb8-b818-f38df337537c 
2025-11-09 16:45:26.789 [INF] Scan processed successfully | EventId=8ae9a8aa-eaa4-4eb8-b818-f38df337537c 
2025-11-09 16:45:26.847 [INF] Received scan request | EventId=3e4d9ccb-aea7-41ce-95d9-19dfac3889e7
2025-11-09 16:45:26.848 [INF] Processing new scan | EventId=3e4d9ccb-aea7-41ce-95d9-19dfac3889e7 
2025-11-09 16:45:26.849 [INF] Scan processed successfully | EventId=3e4d9ccb-aea7-41ce-95d9-19dfac3889e7 
2025-11-09 16:45:26.909 [INF] Received scan request | EventId=d641cd1d-b012-4d92-9f84-59e5e56e2b1e
2025-11-09 16:45:26.910 [INF] Processing new scan | EventId=d641cd1d-b012-4d92-9f84-59e5e56e2b1e 
2025-11-09 16:45:26.912 [INF] Scan processed successfully | EventId=d641cd1d-b012-4d92-9f84-59e5e56e2b1e 
2025-11-09 16:47:40.292 [INF] Received scan request | EventId=22b3f216-d089-4e06-9fee-bd64fe1284ec
2025-11-09 16:47:40.327 [INF] Scan processed successfully | EventId=22b3f216-d089-4e06-9fee-bd64fe1284ec 
2025-11-09 16:47:46.157 [INF] Received scan request | EventId=7a2c7594-e075-4011-8b7d-221dbfe9a4f2
2025-11-09 16:47:46.158 [INF] Scan processed successfully | EventId=7a2c7594-e075-4011-8b7d-221dbfe9a4f2 
2025-11-09 16:47:51.610 [INF] Received scan request | EventId=d8383b69-5ffe-4a7d-a4e5-507ea8395c18
2025-11-09 16:47:51.612 [INF] Scan processed successfully | EventId=d8383b69-5ffe-4a7d-a4e5-507ea8395c18 
2025-11-09 16:49:12.386 [INF] Fetching config for Device-001
2025-11-09 16:49:12.559 [INF] Received scan request | EventId=d8383b69-5ffe-4a7d-a4e5-507ea8395c18
2025-11-09 16:49:12.561 [WRN] Duplicate scan detected | EventId=d8383b69-5ffe-4a7d-a4e5-507ea8395c18
2025-11-09 16:49:12.563 [INF] Scan processed successfully | EventId=d8383b69-5ffe-4a7d-a4e5-507ea8395c18 
2025-11-09 16:49:17.664 [INF] Received scan request | EventId=981344c0-2f6d-4a77-8efd-5e02d3805718
2025-11-09 16:49:17.666 [INF] Scan processed successfully | EventId=981344c0-2f6d-4a77-8efd-5e02d3805718 
2025-11-09 16:49:23.107 [INF] Received scan request | EventId=105920af-c735-418b-81de-8f620bd6b32b
2025-11-09 16:49:23.108 [INF] Scan processed successfully | EventId=105920af-c735-418b-81de-8f620bd6b32b 
2025-11-09 16:49:28.271 [INF] Received scan request | EventId=7bffd1d9-e4bf-4146-beb4-f9b80bbbd893
2025-11-09 16:49:28.272 [INF] Scan processed successfully | EventId=7bffd1d9-e4bf-4146-beb4-f9b80bbbd893 
2025-11-09 16:49:33.834 [INF] Received scan request | EventId=b0072a5a-11b2-4f3e-9bfc-0f02c2a109f5
2025-11-09 16:49:33.836 [INF] Scan processed successfully | EventId=b0072a5a-11b2-4f3e-9bfc-0f02c2a109f5 
2025-11-09 16:49:38.997 [INF] Received scan request | EventId=6c2ca707-fb78-4894-9ba6-8c4a9f70541f
2025-11-09 16:49:38.998 [INF] Scan processed successfully | EventId=6c2ca707-fb78-4894-9ba6-8c4a9f70541f 
2025-11-09 16:49:44.446 [INF] Received scan request | EventId=3c3342d4-2266-40e8-b4f4-2dca09bbab68
2025-11-09 16:49:44.448 [INF] Scan processed successfully | EventId=3c3342d4-2266-40e8-b4f4-2dca09bbab68 
2025-11-09 16:49:49.541 [INF] Received scan request | EventId=1d64a002-07b1-4c1e-b899-e713e73cf90a
2025-11-09 16:49:49.543 [INF] Scan processed successfully | EventId=1d64a002-07b1-4c1e-b899-e713e73cf90a 
2025-11-09 22:47:49.027 [INF]  EventId=a25aad9f-38de-4770-925e-a9eac02e70a8 | Received scan request
2025-11-09 22:47:49.062 [INF] EventId=a25aad9f-38de-4770-925e-a9eac02e70a8 | Scan processed successfully
2025-11-09 22:48:53.746 [INF]  EventId=302f8413-dc12-40e1-b8db-e5ee582edbdb | Received scan request
2025-11-09 22:48:53.748 [INF] EventId=302f8413-dc12-40e1-b8db-e5ee582edbdb | Scan processed successfully
2025-11-09 22:51:52.087 [INF] Fetching config for Device-001
2025-11-09 22:54:07.485 [INF]  EventId=875501d5-eb7e-4ba8-8184-e06454cd6647 | Received scan request
2025-11-09 22:54:07.487 [INF] EventId=875501d5-eb7e-4ba8-8184-e06454cd6647 | Scan processed successfully
2025-11-09 22:58:22.188 [INF]  EventId=1d3598f5-583d-4259-b2d0-94b186e35894 | Received scan request
2025-11-09 22:58:22.190 [INF] EventId=1d3598f5-583d-4259-b2d0-94b186e35894 | Scan processed successfully
2025-11-09 22:59:16.906 [INF]  EventId=13c3c81d-355d-405d-813e-ba839473c3fe | Received scan request
2025-11-09 22:59:16.908 [INF] EventId=13c3c81d-355d-405d-813e-ba839473c3fe | Scan processed successfully
2025-11-09 23:01:24.496 [INF]  EventId=1256ea3f-a19a-4945-a4e2-b025abcf47bf | Received scan request
2025-11-09 23:01:24.498 [INF] EventId=1256ea3f-a19a-4945-a4e2-b025abcf47bf | Scan processed successfully
2025-11-09 23:05:01.833 [INF]  EventId=c8e883e3-adbd-4773-a017-4290822997a5 | Received scan request
2025-11-09 23:05:01.867 [INF] EventId=c8e883e3-adbd-4773-a017-4290822997a5 | Scan processed successfully
2025-11-09 23:06:44.747 [INF] Fetching config for Device-001
2025-11-09 23:08:39.740 [INF] Fetching config for Device-001
2025-11-09 23:08:58.446 [INF]  EventId=707190f2-1c97-48f3-a8ca-9c5b9f9c488b | Received scan request
2025-11-09 23:08:58.448 [INF] EventId=707190f2-1c97-48f3-a8ca-9c5b9f9c488b | Scan processed successfully
2025-11-09 23:09:03.797 [INF]  EventId=db986a14-8847-4c92-9dfc-6b66e7557bc9 | Received scan request
2025-11-09 23:09:03.799 [INF] EventId=db986a14-8847-4c92-9dfc-6b66e7557bc9 | Scan processed successfully
2025-11-09 23:09:03.925 [INF]  EventId=9d4527c8-9ae0-40eb-a824-5771ce6a6bc4 | Received scan request
2025-11-09 23:09:03.927 [INF] EventId=9d4527c8-9ae0-40eb-a824-5771ce6a6bc4 | Scan processed successfully
2025-11-09 23:09:03.964 [INF]  EventId=a32890d1-aa9f-4574-9dda-4400a1fefe76 | Received scan request
2025-11-09 23:09:03.966 [INF] EventId=a32890d1-aa9f-4574-9dda-4400a1fefe76 | Scan processed successfully
2025-11-09 23:09:04.003 [INF]  EventId=9b142aa9-5e16-4ba3-b5b1-7f50c732051b | Received scan request
2025-11-09 23:09:04.004 [INF] EventId=9b142aa9-5e16-4ba3-b5b1-7f50c732051b | Scan processed successfully
2025-11-09 23:09:04.042 [INF]  EventId=7326d876-008d-4805-b5c1-771af3eb2a3d | Received scan request
2025-11-09 23:09:04.044 [INF] EventId=7326d876-008d-4805-b5c1-771af3eb2a3d | Scan processed successfully
2025-11-09 23:09:04.070 [INF]  EventId=2f5ae3df-06f0-4270-bf60-13793c6ca8c6 | Received scan request
2025-11-09 23:09:04.071 [INF] EventId=2f5ae3df-06f0-4270-bf60-13793c6ca8c6 | Scan processed successfully
2025-11-09 23:09:04.109 [INF]  EventId=cc6f2b0e-e2a4-469f-9aed-c788e18072f3 | Received scan request
2025-11-09 23:09:04.111 [INF] EventId=cc6f2b0e-e2a4-469f-9aed-c788e18072f3 | Scan processed successfully
2025-11-09 23:09:04.147 [INF]  EventId=4a02330b-05b5-41e3-b949-5671a634feeb | Received scan request
2025-11-09 23:09:04.149 [INF] EventId=4a02330b-05b5-41e3-b949-5671a634feeb | Scan processed successfully
2025-11-09 23:09:04.187 [INF]  EventId=0e9b1f85-ae6f-460b-bb44-d0050b3ec4eb | Received scan request
2025-11-09 23:09:04.188 [INF] EventId=0e9b1f85-ae6f-460b-bb44-d0050b3ec4eb | Scan processed successfully
2025-11-09 23:11:50.719 [INF] EventId = f6eb8069-c00b-42f3-a234-e5e006afd100 | Received scan request
2025-11-09 23:11:50.754 [INF] EventId = f6eb8069-c00b-42f3-a234-e5e006afd100 | Scan processed successfully
2025-11-09 23:12:22.322 [INF] EventId = 2e897036-33c1-4797-ba84-f02578d7f067 | Received scan request
2025-11-09 23:12:22.324 [INF] EventId = 2e897036-33c1-4797-ba84-f02578d7f067 | Scan processed successfully
2025-11-09 23:16:15.517 [INF] EventId = 18c530aa-2e1a-44d9-9862-c628d0d42adc | Received scan request
2025-11-09 23:16:15.527 [INF] EventId = 18c530aa-2e1a-44d9-9862-c628d0d42adc | Scan processed successfully
2025-11-09 23:19:13.913 [INF] EventId = a8f9d1c5-8631-47e5-93c9-5271ba2ccdfd | Received scan request
2025-11-09 23:19:13.915 [INF] EventId = a8f9d1c5-8631-47e5-93c9-5271ba2ccdfd | Scan processed successfully
2025-11-09 23:20:36.283 [INF] EventId = 6e1f236b-704f-426c-b35b-6d928efc7375 | Received scan request
2025-11-09 23:20:36.285 [INF] EventId = 6e1f236b-704f-426c-b35b-6d928efc7375 | Scan processed successfully
2025-11-09 23:21:50.889 [INF] EventId = 265ab3a2-e5e8-4e07-a161-312add48bdd2 | Received scan request
2025-11-09 23:21:50.890 [INF] EventId = 265ab3a2-e5e8-4e07-a161-312add48bdd2 | Scan processed successfully
2025-11-09 23:22:17.040 [INF] EventId = f1392165-9a93-4201-a205-4734b8bed81b | Received scan request
2025-11-09 23:22:17.041 [INF] EventId = f1392165-9a93-4201-a205-4734b8bed81b | Scan processed successfully
2025-11-09 23:22:48.121 [INF] EventId = 5a3fd986-30f3-44a2-bdf1-3b959b94e563 | Received scan request
2025-11-09 23:22:48.123 [INF] EventId = 5a3fd986-30f3-44a2-bdf1-3b959b94e563 | Scan processed successfully
2025-11-09 23:23:02.979 [INF] EventId = 5a9720e6-3b36-43b6-ae9f-88e290d0cad2 | Received scan request
2025-11-09 23:23:02.981 [INF] EventId = 5a9720e6-3b36-43b6-ae9f-88e290d0cad2 | Scan processed successfully
2025-11-09 23:24:04.593 [INF] EventId = 8ecbcd67-f8e2-4b0a-81fa-22ea03478ec8 | Received scan request
2025-11-09 23:24:04.595 [INF] EventId = 8ecbcd67-f8e2-4b0a-81fa-22ea03478ec8 | Scan processed successfully
2025-11-09 23:24:29.554 [INF] EventId = 6a5454e5-eb8d-4381-bfc3-8c98c788cd24 | Received scan request
2025-11-09 23:24:29.556 [INF] EventId = 6a5454e5-eb8d-4381-bfc3-8c98c788cd24 | Scan processed successfully
2025-11-09 23:24:31.599 [INF] EventId = 6a5454e5-eb8d-4381-bfc3-8c98c788cd24 | Received scan request
2025-11-09 23:24:31.601 [WRN] EventId=6a5454e5-eb8d-4381-bfc3-8c98c788cd24 | Duplicate scan detecte
2025-11-09 23:24:33.606 [INF] EventId = 6a5454e5-eb8d-4381-bfc3-8c98c788cd24 | Received scan request
2025-11-09 23:24:33.608 [WRN] EventId=6a5454e5-eb8d-4381-bfc3-8c98c788cd24 | Duplicate scan detecte
2025-11-09 23:25:27.970 [INF] EventId = 6c8e81b7-4c65-42f2-806e-810b172bf0ca | Received scan request
2025-11-09 23:25:27.972 [INF] EventId = 6c8e81b7-4c65-42f2-806e-810b172bf0ca | Scan processed successfully
2025-11-09 23:26:53.513 [INF] EventId = 3ef54eb2-6dc8-48c1-93da-0291316ee5ab | Received scan request
2025-11-09 23:26:53.515 [INF] EventId = 3ef54eb2-6dc8-48c1-93da-0291316ee5ab | Scan processed successfully
2025-11-09 23:28:07.290 [INF] EventId = 9efe2974-231d-43aa-bdd6-02db8374a25a | Received scan request
2025-11-09 23:28:07.292 [INF] EventId = 9efe2974-231d-43aa-bdd6-02db8374a25a | Scan processed successfully
2025-11-09 23:28:09.332 [INF] EventId = 9efe2974-231d-43aa-bdd6-02db8374a25a | Received scan request
2025-11-09 23:28:09.333 [WRN] EventId=9efe2974-231d-43aa-bdd6-02db8374a25a | Duplicate scan detecte
2025-11-09 23:28:11.340 [INF] EventId = 9efe2974-231d-43aa-bdd6-02db8374a25a | Received scan request
2025-11-09 23:28:11.341 [WRN] EventId=9efe2974-231d-43aa-bdd6-02db8374a25a | Duplicate scan detecte
2025-11-09 23:28:13.360 [INF] EventId = 9efe2974-231d-43aa-bdd6-02db8374a25a | Received scan request
2025-11-09 23:28:13.362 [WRN] EventId=9efe2974-231d-43aa-bdd6-02db8374a25a | Duplicate scan detecte
2025-11-09 23:28:15.377 [INF] EventId = 9efe2974-231d-43aa-bdd6-02db8374a25a | Received scan request
2025-11-09 23:28:15.379 [WRN] EventId=9efe2974-231d-43aa-bdd6-02db8374a25a | Duplicate scan detecte
2025-11-09 23:28:17.386 [INF] EventId = 9efe2974-231d-43aa-bdd6-02db8374a25a | Received scan request
2025-11-09 23:28:17.388 [WRN] EventId=9efe2974-231d-43aa-bdd6-02db8374a25a | Duplicate scan detecte
2025-11-09 23:28:19.393 [INF] EventId = 9efe2974-231d-43aa-bdd6-02db8374a25a | Received scan request
2025-11-09 23:28:19.395 [WRN] EventId=9efe2974-231d-43aa-bdd6-02db8374a25a | Duplicate scan detecte
2025-11-09 23:28:21.405 [INF] EventId = 9efe2974-231d-43aa-bdd6-02db8374a25a | Received scan request
2025-11-09 23:28:21.407 [WRN] EventId=9efe2974-231d-43aa-bdd6-02db8374a25a | Duplicate scan detecte
2025-11-09 23:28:23.416 [INF] EventId = 9efe2974-231d-43aa-bdd6-02db8374a25a | Received scan request
2025-11-09 23:28:23.417 [WRN] EventId=9efe2974-231d-43aa-bdd6-02db8374a25a | Duplicate scan detecte
2025-11-09 23:28:25.425 [INF] EventId = 9efe2974-231d-43aa-bdd6-02db8374a25a | Received scan request
2025-11-09 23:28:25.427 [WRN] EventId=9efe2974-231d-43aa-bdd6-02db8374a25a | Duplicate scan detecte
2025-11-09 23:28:27.431 [INF] EventId = 9efe2974-231d-43aa-bdd6-02db8374a25a | Received scan request
2025-11-09 23:28:27.433 [WRN] EventId=9efe2974-231d-43aa-bdd6-02db8374a25a | Duplicate scan detecte
2025-11-09 23:28:29.452 [INF] EventId = 9efe2974-231d-43aa-bdd6-02db8374a25a | Received scan request
2025-11-09 23:28:29.453 [WRN] EventId=9efe2974-231d-43aa-bdd6-02db8374a25a | Duplicate scan detecte
2025-11-09 23:28:31.459 [INF] EventId = 9efe2974-231d-43aa-bdd6-02db8374a25a | Received scan request
2025-11-09 23:28:31.471 [WRN] EventId=9efe2974-231d-43aa-bdd6-02db8374a25a | Duplicate scan detecte
2025-11-09 23:28:33.481 [INF] EventId = 9efe2974-231d-43aa-bdd6-02db8374a25a | Received scan request
2025-11-09 23:28:33.483 [WRN] EventId=9efe2974-231d-43aa-bdd6-02db8374a25a | Duplicate scan detecte
2025-11-09 23:28:35.492 [INF] EventId = 9efe2974-231d-43aa-bdd6-02db8374a25a | Received scan request
2025-11-09 23:28:35.494 [WRN] EventId=9efe2974-231d-43aa-bdd6-02db8374a25a | Duplicate scan detecte
2025-11-09 23:28:37.503 [INF] EventId = 9efe2974-231d-43aa-bdd6-02db8374a25a | Received scan request
2025-11-09 23:28:37.504 [WRN] EventId=9efe2974-231d-43aa-bdd6-02db8374a25a | Duplicate scan detecte
2025-11-09 23:28:39.510 [INF] EventId = 9efe2974-231d-43aa-bdd6-02db8374a25a | Received scan request
2025-11-09 23:28:39.512 [WRN] EventId=9efe2974-231d-43aa-bdd6-02db8374a25a | Duplicate scan detecte
2025-11-09 23:28:41.521 [INF] EventId = 9efe2974-231d-43aa-bdd6-02db8374a25a | Received scan request
2025-11-09 23:28:41.523 [WRN] EventId=9efe2974-231d-43aa-bdd6-02db8374a25a | Duplicate scan detecte
2025-11-09 23:28:43.538 [INF] EventId = 9efe2974-231d-43aa-bdd6-02db8374a25a | Received scan request
2025-11-09 23:28:43.539 [WRN] EventId=9efe2974-231d-43aa-bdd6-02db8374a25a | Duplicate scan detecte
2025-11-09 23:28:45.550 [INF] EventId = 9efe2974-231d-43aa-bdd6-02db8374a25a | Received scan request
2025-11-09 23:28:45.552 [WRN] EventId=9efe2974-231d-43aa-bdd6-02db8374a25a | Duplicate scan detecte
2025-11-09 23:28:47.561 [INF] EventId = 9efe2974-231d-43aa-bdd6-02db8374a25a | Received scan request
2025-11-09 23:28:47.563 [WRN] EventId=9efe2974-231d-43aa-bdd6-02db8374a25a | Duplicate scan detecte
2025-11-09 23:28:49.566 [INF] EventId = 9efe2974-231d-43aa-bdd6-02db8374a25a | Received scan request
2025-11-09 23:28:49.568 [WRN] EventId=9efe2974-231d-43aa-bdd6-02db8374a25a | Duplicate scan detecte
2025-11-09 23:28:51.578 [INF] EventId = 9efe2974-231d-43aa-bdd6-02db8374a25a | Received scan request
2025-11-09 23:28:51.580 [WRN] EventId=9efe2974-231d-43aa-bdd6-02db8374a25a | Duplicate scan detecte
2025-11-09 23:29:05.535 [INF] EventId = a0647b93-d2ec-4323-81e6-1fb34f31bf20 | Received scan request
2025-11-09 23:29:05.537 [INF] EventId = a0647b93-d2ec-4323-81e6-1fb34f31bf20 | Scan processed successfully
2025-11-09 23:36:11.985 [INF] EventId = a09dae30-3f03-4faf-9fbb-982c653ec573 | Received scan request
2025-11-09 23:36:11.987 [INF] EventId = a09dae30-3f03-4faf-9fbb-982c653ec573 | Scan processed successfully
2025-11-09 23:38:45.802 [INF] EventId = 1935d057-3ec5-47cb-b720-14c8f53eb115 | Received scan request
2025-11-09 23:38:45.804 [INF] EventId = 1935d057-3ec5-47cb-b720-14c8f53eb115 | Scan processed successfully
2025-11-09 23:51:52.189 [INF] Fetching config for Device-001
