2025-11-10 00:21:45.900 [INF] EventId = 48192643-3912-4e08-834a-f5c48c4574b3 | Received scan request
2025-11-10 00:21:45.910 [INF] EventId = 48192643-3912-4e08-834a-f5c48c4574b3 | Scan processed successfully
2025-11-10 00:24:18.065 [INF] EventId = 3302d712-9134-4955-abab-dc4182334b49 | Received scan request
2025-11-10 00:24:18.067 [INF] EventId = 3302d712-9134-4955-abab-dc4182334b49 | Scan processed successfully
2025-11-10 00:27:33.385 [INF] EventId = 873793b1-3ad5-445b-9a60-ce765e50cfc7 | Received scan request
2025-11-10 00:27:33.386 [INF] EventId = 873793b1-3ad5-445b-9a60-ce765e50cfc7 | Scan processed successfully
2025-11-10 03:25:01.848 [INF] Fetching config for Device-001
2025-11-10 03:26:49.161 [INF] EventId = af638b01-b58d-4713-9ada-e2017a8a6983 | Received scan request
2025-11-10 03:26:49.164 [INF] EventId = af638b01-b58d-4713-9ada-e2017a8a6983 | Scan processed successfully
2025-11-10 03:26:49.199 [INF] EventId = 71094ffc-4994-46d6-990e-9ebadec37e85 | Received scan request
2025-11-10 03:26:49.202 [INF] EventId = 71094ffc-4994-46d6-990e-9ebadec37e85 | Scan processed successfully
2025-11-10 03:26:49.218 [INF] EventId = db2fb5bc-6c67-406d-98e5-c33524d0eaaa | Received scan request
2025-11-10 03:26:49.220 [INF] EventId = db2fb5bc-6c67-406d-98e5-c33524d0eaaa | Scan processed successfully
2025-11-10 03:26:49.236 [INF] EventId = dd46c519-0ab1-4ad0-b46e-369d08663553 | Received scan request
2025-11-10 03:26:49.239 [INF] EventId = dd46c519-0ab1-4ad0-b46e-369d08663553 | Scan processed successfully
2025-11-10 03:26:49.256 [INF] EventId = e10f95e3-f021-4f19-904f-c99feda9884e | Received scan request
2025-11-10 03:26:49.259 [INF] EventId = e10f95e3-f021-4f19-904f-c99feda9884e | Scan processed successfully
2025-11-10 03:26:49.274 [INF] EventId = 567973ce-f816-4039-a1e5-e46c4f1f11cf | Received scan request
2025-11-10 03:26:49.277 [INF] EventId = 567973ce-f816-4039-a1e5-e46c4f1f11cf | Scan processed successfully
2025-11-10 03:26:49.292 [INF] EventId = 77f91239-ae9e-4c16-99b8-4cbd9cc5f103 | Received scan request
2025-11-10 03:26:49.295 [INF] EventId = 77f91239-ae9e-4c16-99b8-4cbd9cc5f103 | Scan processed successfully
2025-11-10 03:26:49.313 [INF] EventId = befb12bb-df6c-432f-b44c-a709375f174d | Received scan request
2025-11-10 03:26:49.316 [INF] EventId = befb12bb-df6c-432f-b44c-a709375f174d | Scan processed successfully
2025-11-10 03:26:49.334 [INF] EventId = 6689a39c-93d8-4057-96c1-864117ded88c | Received scan request
2025-11-10 03:26:49.336 [INF] EventId = 6689a39c-93d8-4057-96c1-864117ded88c | Scan processed successfully
2025-11-10 03:26:49.353 [INF] EventId = f99dc067-3157-4059-941e-f940c0b94655 | Received scan request
2025-11-10 03:26:49.356 [INF] EventId = f99dc067-3157-4059-941e-f940c0b94655 | Scan processed successfully
2025-11-10 22:00:26.244 [INF] Fetching config for Device-001
2025-11-10 22:02:31.453 [INF] Fetching config for Device-001
2025-11-10 22:04:36.486 [INF] Fetching config for Device-001
2025-11-10 22:06:41.504 [INF] Fetching config for Device-001
2025-11-10 22:14:13.011 [INF] Fetching config for Device-001
2025-11-10 22:15:29.582 [INF] EventId = 7c8864d9-293b-444f-ad84-b1570ad0c221 | Received scan request
2025-11-10 22:15:29.585 [INF] EventId = 7c8864d9-293b-444f-ad84-b1570ad0c221 | Scan processed successfully
2025-11-10 22:15:29.729 [INF] EventId = 27928fc4-6511-47f8-8921-c4cfe2d0c20e | Received scan request
2025-11-10 22:15:29.731 [INF] EventId = 27928fc4-6511-47f8-8921-c4cfe2d0c20e | Scan processed successfully
2025-11-10 22:15:29.815 [INF] EventId = 91627f56-f582-429c-a88b-a72577a9687d | Received scan request
2025-11-10 22:15:29.817 [INF] EventId = 91627f56-f582-429c-a88b-a72577a9687d | Scan processed successfully
2025-11-10 22:15:29.906 [INF] EventId = 8c3689f2-71ef-4eab-b251-fd47d07df4a7 | Received scan request
2025-11-10 22:15:29.909 [INF] EventId = 8c3689f2-71ef-4eab-b251-fd47d07df4a7 | Scan processed successfully
2025-11-10 22:15:30.045 [INF] EventId = 8b496a4b-a0db-43ce-aad6-d104c8eb43ec | Received scan request
2025-11-10 22:15:30.047 [INF] EventId = 8b496a4b-a0db-43ce-aad6-d104c8eb43ec | Scan processed successfully
2025-11-10 22:15:30.189 [INF] EventId = 3a4b2a5f-bd58-4daf-b1c6-12f7e75c7f3c | Received scan request
2025-11-10 22:15:30.191 [INF] EventId = 3a4b2a5f-bd58-4daf-b1c6-12f7e75c7f3c | Scan processed successfully
2025-11-10 22:15:30.290 [INF] EventId = de6976f5-1117-48aa-8b88-5769aeab9ffc | Received scan request
2025-11-10 22:15:30.293 [INF] EventId = de6976f5-1117-48aa-8b88-5769aeab9ffc | Scan processed successfully
2025-11-10 22:15:30.878 [INF] EventId = 9c789ad1-7b2c-4923-8b27-7bb81e63827c | Received scan request
2025-11-10 22:15:30.881 [INF] EventId = 9c789ad1-7b2c-4923-8b27-7bb81e63827c | Scan processed successfully
2025-11-10 22:15:30.976 [INF] EventId = b7f25334-60a4-44ba-8cc2-5bbff3b571b5 | Received scan request
2025-11-10 22:15:30.979 [INF] EventId = b7f25334-60a4-44ba-8cc2-5bbff3b571b5 | Scan processed successfully
2025-11-10 22:15:31.077 [INF] EventId = ae8404a2-f8c6-4c33-96d1-2ce5790b845e | Received scan request
2025-11-10 22:15:31.079 [INF] EventId = ae8404a2-f8c6-4c33-96d1-2ce5790b845e | Scan processed successfully
2025-11-10 22:16:13.215 [INF] Fetching config for Device-001
2025-11-10 22:17:27.160 [INF] EventId = 40e3fa32-bb18-4f88-82c4-2b7d00b789b8 | Received scan request
2025-11-10 22:17:27.196 [INF] EventId = 40e3fa32-bb18-4f88-82c4-2b7d00b789b8 | Scan processed successfully
2025-11-10 22:17:27.304 [INF] EventId = a284905d-19a8-403a-ba0f-a00f70197309 | Received scan request
2025-11-10 22:17:27.306 [INF] EventId = a284905d-19a8-403a-ba0f-a00f70197309 | Scan processed successfully
2025-11-10 22:17:27.878 [INF] EventId = 9bb55fa2-7077-46f9-97b3-03e795bc23ba | Received scan request
2025-11-10 22:17:27.880 [INF] EventId = 9bb55fa2-7077-46f9-97b3-03e795bc23ba | Scan processed successfully
2025-11-10 22:17:27.959 [INF] EventId = 901b55b6-2fe9-46fc-b19f-d70951f4d1a2 | Received scan request
2025-11-10 22:17:27.961 [INF] EventId = 901b55b6-2fe9-46fc-b19f-d70951f4d1a2 | Scan processed successfully
2025-11-10 22:17:28.032 [INF] EventId = 64287876-ee88-4ba7-9ef3-1190a1dc4d4b | Received scan request
2025-11-10 22:17:28.034 [INF] EventId = 64287876-ee88-4ba7-9ef3-1190a1dc4d4b | Scan processed successfully
2025-11-10 22:17:28.128 [INF] EventId = 2646331a-e2af-4cd3-8380-9c92cb686ace | Received scan request
2025-11-10 22:17:28.130 [INF] EventId = 2646331a-e2af-4cd3-8380-9c92cb686ace | Scan processed successfully
2025-11-10 22:17:28.196 [INF] EventId = eed09315-0907-4c4c-a53f-6c4121b5dc77 | Received scan request
2025-11-10 22:17:28.198 [INF] EventId = eed09315-0907-4c4c-a53f-6c4121b5dc77 | Scan processed successfully
2025-11-10 22:17:28.267 [INF] EventId = 95288f42-3ca2-4503-8cd4-ee378114dad0 | Received scan request
2025-11-10 22:17:28.269 [INF] EventId = 95288f42-3ca2-4503-8cd4-ee378114dad0 | Scan processed successfully
2025-11-10 22:17:28.345 [INF] EventId = 1a69ee28-9773-40b0-9845-0e7ba48fb68d | Received scan request
2025-11-10 22:17:28.347 [INF] EventId = 1a69ee28-9773-40b0-9845-0e7ba48fb68d | Scan processed successfully
2025-11-10 22:17:28.421 [INF] EventId = 8e0fd1ed-a46f-4143-8270-0cbe2ae90e18 | Received scan request
2025-11-10 22:17:28.423 [INF] EventId = 8e0fd1ed-a46f-4143-8270-0cbe2ae90e18 | Scan processed successfully
2025-11-10 22:18:13.270 [INF] Fetching config for Device-001
2025-11-10 22:20:13.313 [INF] Fetching config for Device-001
